[2020-05-17 15:06:17,284] multiqc                                            [DEBUG  ]  No MultiQC config found: /home/aburtsev/.local/lib/python3.6/site-packages/multiqc_config.yaml
[2020-05-17 15:06:17,284] multiqc                                            [DEBUG  ]  No MultiQC config found: /home/aburtsev/.multiqc_config.yaml
[2020-05-17 15:06:17,284] multiqc                                            [DEBUG  ]  No MultiQC config found: multiqc_config.yaml
[2020-05-17 15:06:17,284] multiqc                                            [DEBUG  ]  Command used: /home/aburtsev/.local/bin/multiqc /mnt/d/FastqNextSeq5-2020/TP53CNSCLL_merged/
[2020-05-17 15:06:18,037] multiqc                                            [DEBUG  ]  Latest MultiQC version is v1.8
[2020-05-17 15:06:18,038] multiqc                                            [INFO   ]  This is MultiQC v1.8
[2020-05-17 15:06:18,039] multiqc                                            [DEBUG  ]  Command     : /home/aburtsev/.local/bin/multiqc /mnt/d/FastqNextSeq5-2020/TP53CNSCLL_merged/
[2020-05-17 15:06:18,040] multiqc                                            [DEBUG  ]  Working dir : /home/aburtsev/projects/multiqc
[2020-05-17 15:06:18,040] multiqc                                            [INFO   ]  Template    : default
[2020-05-17 15:06:18,042] multiqc                                            [DEBUG  ]  Running Python 3.6.9 (default, Nov  7 2019, 10:44:02)  [GCC 8.3.0]
[2020-05-17 15:06:18,042] multiqc                                            [INFO   ]  Searching   : /mnt/d/FastqNextSeq5-2020/TP53CNSCLL_merged
[2020-05-17 15:06:18,046] multiqc                                            [DEBUG  ]  Analysing modules: custom_content, conpair, peddy, methylQA, phantompeakqualtools, qualimap, preseq, quast, qorts, rna_seqc, rsem, rseqc, busco, goleft_indexcov, disambiguate, supernova, deeptools, sargasso, verifybamid, mirtrace, happy, homer, macs2, theta2, snpeff, gatk, htseq, bcftools, featureCounts, fgbio, dedup, damageprofiler, biobambam2, mtnucratio, picard, prokka, samblaster, samtools, sexdeterrmine, bamtools, jellyfish, vcftools, longranger, stacks, bbmap, bismark, biscuit, hicexplorer, hicup, hicpro, salmon, kallisto, slamdunk, star, hisat2, tophat, bowtie2, bowtie1, kat, leehom, adapterRemoval, clipandmerge, cutadapt, flexbar, trimmomatic, skewer, sortmerna, biobloomtools, fastq_screen, afterqc, fastp, fastqc, minionqc, mosdepth, clusterflow, bcl2fastq, interop, flash, seqyclean
[2020-05-17 15:06:18,047] multiqc                                            [DEBUG  ]  Using temporary directory for creating report: /tmp/tmpc5r3o4ii
[2020-05-17 15:06:18,227] multiqc                                            [DEBUG  ]  Ignoring file as matched an ignore pattern: CNSTP53-10_S10_L001_R1_001.fastq.gz
[2020-05-17 15:06:18,228] multiqc                                            [DEBUG  ]  Ignoring file as matched an ignore pattern: CNSTP53-10_S10_L001_R2_001.fastq.gz
[2020-05-17 15:06:18,228] multiqc                                            [DEBUG  ]  Ignoring file as matched an ignore pattern: CNSTP53-11_S11_L001_R1_001.fastq.gz
[2020-05-17 15:06:18,228] multiqc                                            [DEBUG  ]  Ignoring file as matched an ignore pattern: CNSTP53-11_S11_L001_R2_001.fastq.gz
[2020-05-17 15:06:18,228] multiqc                                            [DEBUG  ]  Ignoring file as matched an ignore pattern: CNSTP53-1_S1_L001_R1_001.fastq.gz
[2020-05-17 15:06:18,229] multiqc                                            [DEBUG  ]  Ignoring file as matched an ignore pattern: CNSTP53-1_S1_L001_R2_001.fastq.gz
[2020-05-17 15:06:18,229] multiqc                                            [DEBUG  ]  Ignoring file as matched an ignore pattern: CNSTP53-2_S2_L001_R1_001.fastq.gz
[2020-05-17 15:06:18,229] multiqc                                            [DEBUG  ]  Ignoring file as matched an ignore pattern: CNSTP53-2_S2_L001_R2_001.fastq.gz
[2020-05-17 15:06:18,229] multiqc                                            [DEBUG  ]  Ignoring file as matched an ignore pattern: CNSTP53-3_S3_L001_R1_001.fastq.gz
[2020-05-17 15:06:18,230] multiqc                                            [DEBUG  ]  Ignoring file as matched an ignore pattern: CNSTP53-3_S3_L001_R2_001.fastq.gz
[2020-05-17 15:06:18,230] multiqc                                            [DEBUG  ]  Ignoring file as matched an ignore pattern: CNSTP53-4_S4_L001_R1_001.fastq.gz
[2020-05-17 15:06:18,230] multiqc                                            [DEBUG  ]  Ignoring file as matched an ignore pattern: CNSTP53-4_S4_L001_R2_001.fastq.gz
[2020-05-17 15:06:18,231] multiqc                                            [DEBUG  ]  Ignoring file as matched an ignore pattern: CNSTP53-5_S5_L001_R1_001.fastq.gz
[2020-05-17 15:06:18,231] multiqc                                            [DEBUG  ]  Ignoring file as matched an ignore pattern: CNSTP53-5_S5_L001_R2_001.fastq.gz
[2020-05-17 15:06:18,231] multiqc                                            [DEBUG  ]  Ignoring file as matched an ignore pattern: CNSTP53-6_S6_L001_R1_001.fastq.gz
[2020-05-17 15:06:18,231] multiqc                                            [DEBUG  ]  Ignoring file as matched an ignore pattern: CNSTP53-6_S6_L001_R2_001.fastq.gz
[2020-05-17 15:06:18,232] multiqc                                            [DEBUG  ]  Ignoring file as matched an ignore pattern: CNSTP53-7_S7_L001_R1_001.fastq.gz
[2020-05-17 15:06:18,232] multiqc                                            [DEBUG  ]  Ignoring file as matched an ignore pattern: CNSTP53-7_S7_L001_R2_001.fastq.gz
[2020-05-17 15:06:18,232] multiqc                                            [DEBUG  ]  Ignoring file as matched an ignore pattern: CNSTP53-8_S8_L001_R1_001.fastq.gz
[2020-05-17 15:06:18,233] multiqc                                            [DEBUG  ]  Ignoring file as matched an ignore pattern: CNSTP53-8_S8_L001_R2_001.fastq.gz
[2020-05-17 15:06:18,233] multiqc                                            [DEBUG  ]  Ignoring file as matched an ignore pattern: CNSTP53-9_S9_L001_R1_001.fastq.gz
[2020-05-17 15:06:18,233] multiqc                                            [DEBUG  ]  Ignoring file as matched an ignore pattern: CNSTP53-9_S9_L001_R2_001.fastq.gz
[2020-05-17 15:06:18,234] multiqc                                            [DEBUG  ]  Ignoring file as matched an ignore pattern: TP53-Normal-AF11_S12_L001_R1_001.fastq.gz
[2020-05-17 15:06:18,234] multiqc                                            [DEBUG  ]  Ignoring file as matched an ignore pattern: TP53-Normal-AF11_S12_L001_R2_001.fastq.gz
[2020-05-17 15:06:18,234] multiqc                                            [DEBUG  ]  Ignoring file as matched an ignore pattern: TP53-Normal-AF12_S13_L001_R1_001.fastq.gz
[2020-05-17 15:06:18,234] multiqc                                            [DEBUG  ]  Ignoring file as matched an ignore pattern: TP53-Normal-AF12_S13_L001_R2_001.fastq.gz
[2020-05-17 15:06:18,235] multiqc                                            [DEBUG  ]  Ignoring file as matched an ignore pattern: TP53-Normal-AF14_S14_L001_R1_001.fastq.gz
[2020-05-17 15:06:18,235] multiqc                                            [DEBUG  ]  Ignoring file as matched an ignore pattern: TP53-Normal-AF14_S14_L001_R2_001.fastq.gz
[2020-05-17 15:06:18,235] multiqc                                            [DEBUG  ]  Ignoring file as matched an ignore pattern: TP53-Normal-AF17_S15_L001_R1_001.fastq.gz
[2020-05-17 15:06:18,236] multiqc                                            [DEBUG  ]  Ignoring file as matched an ignore pattern: TP53-Normal-AF17_S15_L001_R2_001.fastq.gz
[2020-05-17 15:06:18,236] multiqc                                            [DEBUG  ]  Ignoring file as matched an ignore pattern: TP53-Normal-AF20_S16_L001_R1_001.fastq.gz
[2020-05-17 15:06:18,236] multiqc                                            [DEBUG  ]  Ignoring file as matched an ignore pattern: TP53-Normal-AF20_S16_L001_R2_001.fastq.gz
[2020-05-17 15:06:18,242] multiqc                                            [DEBUG  ]  Ignoring file as matched an ignore pattern: CNSTP53-10_S10_L001_R1_001_fastqc.html
[2020-05-17 15:06:18,242] multiqc                                            [DEBUG  ]  Ignoring file as matched an ignore pattern: CNSTP53-10_S10_L001_R2_001_fastqc.html
[2020-05-17 15:06:18,243] multiqc                                            [DEBUG  ]  Ignoring file as matched an ignore pattern: CNSTP53-11_S11_L001_R1_001_fastqc.html
[2020-05-17 15:06:18,244] multiqc                                            [DEBUG  ]  Ignoring file as matched an ignore pattern: CNSTP53-11_S11_L001_R2_001_fastqc.html
[2020-05-17 15:06:18,244] multiqc                                            [DEBUG  ]  Ignoring file as matched an ignore pattern: CNSTP53-1_S1_L001_R1_001_fastqc.html
[2020-05-17 15:06:18,245] multiqc                                            [DEBUG  ]  Ignoring file as matched an ignore pattern: CNSTP53-1_S1_L001_R2_001_fastqc.html
[2020-05-17 15:06:18,246] multiqc                                            [DEBUG  ]  Ignoring file as matched an ignore pattern: CNSTP53-2_S2_L001_R1_001_fastqc.html
[2020-05-17 15:06:18,246] multiqc                                            [DEBUG  ]  Ignoring file as matched an ignore pattern: CNSTP53-2_S2_L001_R2_001_fastqc.html
[2020-05-17 15:06:18,247] multiqc                                            [DEBUG  ]  Ignoring file as matched an ignore pattern: CNSTP53-3_S3_L001_R1_001_fastqc.html
[2020-05-17 15:06:18,248] multiqc                                            [DEBUG  ]  Ignoring file as matched an ignore pattern: CNSTP53-3_S3_L001_R2_001_fastqc.html
[2020-05-17 15:06:18,248] multiqc                                            [DEBUG  ]  Ignoring file as matched an ignore pattern: CNSTP53-4_S4_L001_R1_001_fastqc.html
[2020-05-17 15:06:18,249] multiqc                                            [DEBUG  ]  Ignoring file as matched an ignore pattern: CNSTP53-4_S4_L001_R2_001_fastqc.html
[2020-05-17 15:06:18,250] multiqc                                            [DEBUG  ]  Ignoring file as matched an ignore pattern: CNSTP53-5_S5_L001_R1_001_fastqc.html
[2020-05-17 15:06:18,250] multiqc                                            [DEBUG  ]  Ignoring file as matched an ignore pattern: CNSTP53-5_S5_L001_R2_001_fastqc.html
[2020-05-17 15:06:18,251] multiqc                                            [DEBUG  ]  Ignoring file as matched an ignore pattern: CNSTP53-6_S6_L001_R1_001_fastqc.html
[2020-05-17 15:06:18,252] multiqc                                            [DEBUG  ]  Ignoring file as matched an ignore pattern: CNSTP53-6_S6_L001_R2_001_fastqc.html
[2020-05-17 15:06:18,252] multiqc                                            [DEBUG  ]  Ignoring file as matched an ignore pattern: CNSTP53-7_S7_L001_R1_001_fastqc.html
[2020-05-17 15:06:18,253] multiqc                                            [DEBUG  ]  Ignoring file as matched an ignore pattern: CNSTP53-7_S7_L001_R2_001_fastqc.html
[2020-05-17 15:06:18,254] multiqc                                            [DEBUG  ]  Ignoring file as matched an ignore pattern: CNSTP53-8_S8_L001_R1_001_fastqc.html
[2020-05-17 15:06:18,254] multiqc                                            [DEBUG  ]  Ignoring file as matched an ignore pattern: CNSTP53-8_S8_L001_R2_001_fastqc.html
[2020-05-17 15:06:18,255] multiqc                                            [DEBUG  ]  Ignoring file as matched an ignore pattern: CNSTP53-9_S9_L001_R1_001_fastqc.html
[2020-05-17 15:06:18,256] multiqc                                            [DEBUG  ]  Ignoring file as matched an ignore pattern: CNSTP53-9_S9_L001_R2_001_fastqc.html
[2020-05-17 15:06:18,256] multiqc                                            [DEBUG  ]  Ignoring file as matched an ignore pattern: TP53-Normal-AF11_S12_L001_R1_001_fastqc.html
[2020-05-17 15:06:18,257] multiqc                                            [DEBUG  ]  Ignoring file as matched an ignore pattern: TP53-Normal-AF11_S12_L001_R2_001_fastqc.html
[2020-05-17 15:06:18,258] multiqc                                            [DEBUG  ]  Ignoring file as matched an ignore pattern: TP53-Normal-AF12_S13_L001_R1_001_fastqc.html
[2020-05-17 15:06:18,258] multiqc                                            [DEBUG  ]  Ignoring file as matched an ignore pattern: TP53-Normal-AF12_S13_L001_R2_001_fastqc.html
[2020-05-17 15:06:18,259] multiqc                                            [DEBUG  ]  Ignoring file as matched an ignore pattern: TP53-Normal-AF14_S14_L001_R1_001_fastqc.html
[2020-05-17 15:06:18,260] multiqc                                            [DEBUG  ]  Ignoring file as matched an ignore pattern: TP53-Normal-AF14_S14_L001_R2_001_fastqc.html
[2020-05-17 15:06:18,260] multiqc                                            [DEBUG  ]  Ignoring file as matched an ignore pattern: TP53-Normal-AF17_S15_L001_R1_001_fastqc.html
[2020-05-17 15:06:18,261] multiqc                                            [DEBUG  ]  Ignoring file as matched an ignore pattern: TP53-Normal-AF17_S15_L001_R2_001_fastqc.html
[2020-05-17 15:06:18,262] multiqc                                            [DEBUG  ]  Ignoring file as matched an ignore pattern: TP53-Normal-AF20_S16_L001_R1_001_fastqc.html
[2020-05-17 15:06:18,263] multiqc                                            [DEBUG  ]  Ignoring file as matched an ignore pattern: TP53-Normal-AF20_S16_L001_R2_001_fastqc.html
[2020-05-17 15:06:18,617] multiqc.plots.bargraph                             [DEBUG  ]  Using matplotlib version 3.1.1
[2020-05-17 15:06:18,618] multiqc.plots.linegraph                            [DEBUG  ]  Using matplotlib version 3.1.1
[2020-05-17 15:06:18,619] multiqc                                            [DEBUG  ]  No samples found: custom_content
[2020-05-17 15:06:18,623] multiqc                                            [DEBUG  ]  No samples found: conpair
[2020-05-17 15:06:18,627] multiqc                                            [DEBUG  ]  No samples found: peddy
[2020-05-17 15:06:18,631] multiqc                                            [DEBUG  ]  No samples found: methylQA
[2020-05-17 15:06:18,636] multiqc                                            [DEBUG  ]  No samples found: phantompeakqualtools
[2020-05-17 15:06:18,642] multiqc                                            [DEBUG  ]  No samples found: qualimap
[2020-05-17 15:06:18,647] multiqc                                            [DEBUG  ]  No samples found: preseq
[2020-05-17 15:06:18,651] multiqc                                            [DEBUG  ]  No samples found: quast
[2020-05-17 15:06:18,656] multiqc                                            [DEBUG  ]  No samples found: qorts
[2020-05-17 15:06:18,660] multiqc                                            [DEBUG  ]  No samples found: rna_seqc
[2020-05-17 15:06:18,665] multiqc                                            [DEBUG  ]  No samples found: rsem
[2020-05-17 15:06:18,673] multiqc                                            [DEBUG  ]  No samples found: rseqc
[2020-05-17 15:06:18,678] multiqc                                            [DEBUG  ]  No samples found: busco
[2020-05-17 15:06:18,682] multiqc                                            [DEBUG  ]  No samples found: goleft_indexcov
[2020-05-17 15:06:18,686] multiqc                                            [DEBUG  ]  No samples found: disambiguate
[2020-05-17 15:06:18,691] multiqc                                            [DEBUG  ]  No samples found: supernova
[2020-05-17 15:06:18,700] multiqc                                            [DEBUG  ]  No samples found: deeptools
[2020-05-17 15:06:18,704] multiqc                                            [DEBUG  ]  No samples found: sargasso
[2020-05-17 15:06:18,708] multiqc                                            [DEBUG  ]  No samples found: verifybamid
[2020-05-17 15:06:18,713] multiqc                                            [DEBUG  ]  No samples found: mirtrace
[2020-05-17 15:06:18,718] multiqc                                            [DEBUG  ]  No samples found: happy
[2020-05-17 15:06:18,723] multiqc                                            [DEBUG  ]  No samples found: homer
[2020-05-17 15:06:18,727] multiqc                                            [DEBUG  ]  No samples found: macs2
[2020-05-17 15:06:18,732] multiqc                                            [DEBUG  ]  No samples found: theta2
[2020-05-17 15:06:18,736] multiqc                                            [DEBUG  ]  No samples found: snpeff
[2020-05-17 15:06:18,742] multiqc                                            [DEBUG  ]  No samples found: gatk
[2020-05-17 15:06:18,747] multiqc                                            [DEBUG  ]  No samples found: htseq
[2020-05-17 15:06:18,752] multiqc                                            [DEBUG  ]  No samples found: bcftools
[2020-05-17 15:06:18,757] multiqc                                            [DEBUG  ]  No samples found: featureCounts
[2020-05-17 15:06:18,762] multiqc                                            [DEBUG  ]  No samples found: fgbio
[2020-05-17 15:06:18,766] multiqc                                            [DEBUG  ]  No samples found: dedup
[2020-05-17 15:06:18,771] multiqc                                            [DEBUG  ]  No samples found: damageprofiler
[2020-05-17 15:06:18,783] multiqc                                            [DEBUG  ]  No samples found: biobambam2
[2020-05-17 15:06:18,788] multiqc                                            [DEBUG  ]  No samples found: mtnucratio
[2020-05-17 15:06:18,791] multiqc                                            [DEBUG  ]  No samples found: picard
[2020-05-17 15:06:18,795] multiqc                                            [DEBUG  ]  No samples found: prokka
[2020-05-17 15:06:18,801] multiqc                                            [DEBUG  ]  No samples found: samblaster
[2020-05-17 15:06:18,807] multiqc                                            [DEBUG  ]  No samples found: samtools
[2020-05-17 15:06:18,812] multiqc                                            [DEBUG  ]  No samples found: sexdeterrmine
[2020-05-17 15:06:18,816] multiqc                                            [DEBUG  ]  No samples found: bamtools
[2020-05-17 15:06:18,821] multiqc                                            [DEBUG  ]  No samples found: jellyfish
[2020-05-17 15:06:18,827] multiqc                                            [DEBUG  ]  No samples found: vcftools
[2020-05-17 15:06:18,832] multiqc                                            [DEBUG  ]  No samples found: longranger
[2020-05-17 15:06:18,837] multiqc                                            [DEBUG  ]  No samples found: stacks
[2020-05-17 15:06:18,846] multiqc                                            [DEBUG  ]  No samples found: bbmap
[2020-05-17 15:06:18,851] multiqc                                            [DEBUG  ]  No samples found: bismark
[2020-05-17 15:06:18,856] multiqc                                            [DEBUG  ]  No samples found: biscuit
[2020-05-17 15:06:18,860] multiqc                                            [DEBUG  ]  No samples found: hicexplorer
[2020-05-17 15:06:18,865] multiqc                                            [DEBUG  ]  No samples found: hicup
[2020-05-17 15:06:18,870] multiqc                                            [DEBUG  ]  No samples found: hicpro
[2020-05-17 15:06:18,874] multiqc                                            [DEBUG  ]  No samples found: salmon
[2020-05-17 15:06:18,879] multiqc                                            [DEBUG  ]  No samples found: kallisto
[2020-05-17 15:06:18,884] multiqc                                            [DEBUG  ]  No samples found: slamdunk
[2020-05-17 15:06:18,888] multiqc                                            [DEBUG  ]  No samples found: star
[2020-05-17 15:06:18,893] multiqc                                            [DEBUG  ]  No samples found: hisat2
[2020-05-17 15:06:18,897] multiqc                                            [DEBUG  ]  No samples found: tophat
[2020-05-17 15:06:18,902] multiqc                                            [DEBUG  ]  No samples found: bowtie2
[2020-05-17 15:06:18,906] multiqc                                            [DEBUG  ]  No samples found: bowtie1
[2020-05-17 15:06:18,911] multiqc                                            [DEBUG  ]  No samples found: kat
[2020-05-17 15:06:18,916] multiqc                                            [DEBUG  ]  No samples found: leehom
[2020-05-17 15:06:18,921] multiqc                                            [DEBUG  ]  No samples found: adapterRemoval
[2020-05-17 15:06:18,926] multiqc                                            [DEBUG  ]  No samples found: clipandmerge
[2020-05-17 15:06:18,930] multiqc                                            [DEBUG  ]  No samples found: cutadapt
[2020-05-17 15:06:18,935] multiqc                                            [DEBUG  ]  No samples found: flexbar
[2020-05-17 15:06:18,940] multiqc                                            [DEBUG  ]  No samples found: trimmomatic
[2020-05-17 15:06:18,945] multiqc                                            [DEBUG  ]  No samples found: skewer
[2020-05-17 15:06:18,949] multiqc                                            [DEBUG  ]  No samples found: sortmerna
[2020-05-17 15:06:18,954] multiqc                                            [DEBUG  ]  No samples found: biobloomtools
[2020-05-17 15:06:18,959] multiqc                                            [DEBUG  ]  No samples found: fastq_screen
[2020-05-17 15:06:18,963] multiqc                                            [DEBUG  ]  No samples found: afterqc
[2020-05-17 15:06:18,968] multiqc                                            [DEBUG  ]  No samples found: fastp
[2020-05-17 15:06:20,386] multiqc.modules.fastqc.fastqc                      [INFO   ]  Found 32 reports
[2020-05-17 15:06:20,716] multiqc                                            [DEBUG  ]  No samples found: minionqc
[2020-05-17 15:06:20,720] multiqc                                            [DEBUG  ]  No samples found: mosdepth
[2020-05-17 15:06:20,725] multiqc                                            [DEBUG  ]  No samples found: clusterflow
[2020-05-17 15:06:20,730] multiqc                                            [DEBUG  ]  No samples found: bcl2fastq
[2020-05-17 15:06:20,735] multiqc                                            [DEBUG  ]  No samples found: interop
[2020-05-17 15:06:20,739] multiqc                                            [DEBUG  ]  No samples found: flash
[2020-05-17 15:06:20,744] multiqc                                            [DEBUG  ]  No samples found: seqyclean
[2020-05-17 15:06:20,794] multiqc                                            [INFO   ]  Compressing plot data
[2020-05-17 15:06:21,247] multiqc                                            [INFO   ]  Report      : multiqc_report.html
[2020-05-17 15:06:21,247] multiqc                                            [INFO   ]  Data        : multiqc_data
[2020-05-17 15:06:21,249] multiqc                                            [DEBUG  ]  Moving data file from '/tmp/tmpc5r3o4ii/multiqc_data/multiqc_data.json' to '/home/aburtsev/projects/multiqc/multiqc_data'
[2020-05-17 15:06:21,249] multiqc                                            [DEBUG  ]  Moving data file from '/tmp/tmpc5r3o4ii/multiqc_data/multiqc_fastqc.txt' to '/home/aburtsev/projects/multiqc/multiqc_data'
[2020-05-17 15:06:21,251] multiqc                                            [DEBUG  ]  Moving data file from '/tmp/tmpc5r3o4ii/multiqc_data/multiqc_general_stats.txt' to '/home/aburtsev/projects/multiqc/multiqc_data'
[2020-05-17 15:06:21,252] multiqc                                            [DEBUG  ]  Moving data file from '/tmp/tmpc5r3o4ii/multiqc_data/multiqc_qualimap_bamqc_genome_results.txt' to '/home/aburtsev/projects/multiqc/multiqc_data'
[2020-05-17 15:06:21,253] multiqc                                            [DEBUG  ]  Moving data file from '/tmp/tmpc5r3o4ii/multiqc_data/multiqc_sources.txt' to '/home/aburtsev/projects/multiqc/multiqc_data'
[2020-05-17 15:06:21,959] multiqc                                            [INFO   ]  MultiQC complete
