[2020-05-30 21:35:27,554] multiqc                                            [DEBUG  ]  No MultiQC config found: /home/aburtsev/.local/lib/python3.6/site-packages/multiqc_config.yaml
[2020-05-30 21:35:27,555] multiqc                                            [DEBUG  ]  No MultiQC config found: /home/aburtsev/.multiqc_config.yaml
[2020-05-30 21:35:27,555] multiqc                                            [DEBUG  ]  No MultiQC config found: multiqc_config.yaml
[2020-05-30 21:35:27,555] multiqc                                            [DEBUG  ]  Command used: /home/aburtsev/.local/bin/multiqc /mnt/d/200528_NDX550432_RUO_0008_AHCG7VAFX2/Alignment_1/20200529_131306/Fastq-merged/Angela/
[2020-05-30 21:35:28,506] multiqc                                            [WARNING]  MultiQC Version v1.9 now available!
[2020-05-30 21:35:28,509] multiqc                                            [INFO   ]  This is MultiQC v1.8
[2020-05-30 21:35:28,512] multiqc                                            [DEBUG  ]  Command     : /home/aburtsev/.local/bin/multiqc /mnt/d/200528_NDX550432_RUO_0008_AHCG7VAFX2/Alignment_1/20200529_131306/Fastq-merged/Angela/
[2020-05-30 21:35:28,512] multiqc                                            [DEBUG  ]  Working dir : /home/aburtsev/projects/gshestak.github.io/2020-05-28-rerun/Angela
[2020-05-30 21:35:28,513] multiqc                                            [INFO   ]  Template    : default
[2020-05-30 21:35:28,514] multiqc                                            [DEBUG  ]  Running Python 3.6.9 (default, Nov  7 2019, 10:44:02)  [GCC 8.3.0]
[2020-05-30 21:35:28,515] multiqc                                            [INFO   ]  Searching   : /mnt/d/200528_NDX550432_RUO_0008_AHCG7VAFX2/Alignment_1/20200529_131306/Fastq-merged/Angela
[2020-05-30 21:35:28,520] multiqc                                            [DEBUG  ]  Analysing modules: custom_content, conpair, peddy, methylQA, phantompeakqualtools, qualimap, preseq, quast, qorts, rna_seqc, rsem, rseqc, busco, goleft_indexcov, disambiguate, supernova, deeptools, sargasso, verifybamid, mirtrace, happy, homer, macs2, theta2, snpeff, gatk, htseq, bcftools, featureCounts, fgbio, dedup, damageprofiler, biobambam2, mtnucratio, picard, prokka, samblaster, samtools, sexdeterrmine, bamtools, jellyfish, vcftools, longranger, stacks, bbmap, bismark, biscuit, hicexplorer, hicup, hicpro, salmon, kallisto, slamdunk, star, hisat2, tophat, bowtie2, bowtie1, kat, leehom, adapterRemoval, clipandmerge, cutadapt, flexbar, trimmomatic, skewer, sortmerna, biobloomtools, fastq_screen, afterqc, fastp, fastqc, minionqc, mosdepth, clusterflow, bcl2fastq, interop, flash, seqyclean
[2020-05-30 21:35:28,523] multiqc                                            [DEBUG  ]  Using temporary directory for creating report: /tmp/tmpuj92_5i0
[2020-05-30 21:35:28,700] multiqc                                            [DEBUG  ]  Ignoring file as matched an ignore pattern: Semi-Saliva_S46_L001_R1_001.fastq.gz
[2020-05-30 21:35:28,701] multiqc                                            [DEBUG  ]  Ignoring file as matched an ignore pattern: Semi-Saliva_S46_L001_R2_001.fastq.gz
[2020-05-30 21:35:28,701] multiqc                                            [DEBUG  ]  Ignoring file as matched an ignore pattern: Semi-Blood_S45_L001_R1_001.fastq.gz
[2020-05-30 21:35:28,701] multiqc                                            [DEBUG  ]  Ignoring file as matched an ignore pattern: Semi-Blood_S45_L001_R2_001.fastq.gz
[2020-05-30 21:35:28,701] multiqc                                            [DEBUG  ]  Ignoring file as matched an ignore pattern: AM-1N1_S50_L001_R2_001.fastq.gz
[2020-05-30 21:35:28,702] multiqc                                            [DEBUG  ]  Ignoring file as matched an ignore pattern: AC-1B1_S47_L001_R1_001.fastq.gz
[2020-05-30 21:35:28,702] multiqc                                            [DEBUG  ]  Ignoring file as matched an ignore pattern: AC-1B1_S47_L001_R2_001.fastq.gz
[2020-05-30 21:35:28,702] multiqc                                            [DEBUG  ]  Ignoring file as matched an ignore pattern: AD-1S1_S48_L001_R1_001.fastq.gz
[2020-05-30 21:35:28,703] multiqc                                            [DEBUG  ]  Ignoring file as matched an ignore pattern: AD-1S1_S48_L001_R2_001.fastq.gz
[2020-05-30 21:35:28,703] multiqc                                            [DEBUG  ]  Ignoring file as matched an ignore pattern: AL-1B1_S52_L001_R1_001.fastq.gz
[2020-05-30 21:35:28,703] multiqc                                            [DEBUG  ]  Ignoring file as matched an ignore pattern: AL-1B1_S52_L001_R2_001.fastq.gz
[2020-05-30 21:35:28,704] multiqc                                            [DEBUG  ]  Ignoring file as matched an ignore pattern: AM-1B1_S49_L001_R1_001.fastq.gz
[2020-05-30 21:35:28,704] multiqc                                            [DEBUG  ]  Ignoring file as matched an ignore pattern: AM-1B1_S49_L001_R2_001.fastq.gz
[2020-05-30 21:35:28,704] multiqc                                            [DEBUG  ]  Ignoring file as matched an ignore pattern: AM-1N1_S50_L001_R1_001.fastq.gz
[2020-05-30 21:35:28,705] multiqc                                            [DEBUG  ]  Ignoring file as matched an ignore pattern: AN-2S1_S51_L001_R2_001.fastq.gz
[2020-05-30 21:35:28,705] multiqc                                            [DEBUG  ]  Ignoring file as matched an ignore pattern: AN-2S1_S51_L001_R1_001.fastq.gz
[2020-05-30 21:35:28,710] multiqc                                            [DEBUG  ]  Ignoring file as matched an ignore pattern: Semi-Saliva_S46_L001_R1_001_fastqc.html
[2020-05-30 21:35:28,711] multiqc                                            [DEBUG  ]  Ignoring file as matched an ignore pattern: Semi-Saliva_S46_L001_R2_001_fastqc.html
[2020-05-30 21:35:28,712] multiqc                                            [DEBUG  ]  Ignoring file as matched an ignore pattern: Semi-Blood_S45_L001_R1_001_fastqc.html
[2020-05-30 21:35:28,713] multiqc                                            [DEBUG  ]  Ignoring file as matched an ignore pattern: Semi-Blood_S45_L001_R2_001_fastqc.html
[2020-05-30 21:35:28,714] multiqc                                            [DEBUG  ]  Ignoring file as matched an ignore pattern: AM-1N1_S50_L001_R2_001_fastqc.html
[2020-05-30 21:35:28,715] multiqc                                            [DEBUG  ]  Ignoring file as matched an ignore pattern: AC-1B1_S47_L001_R1_001_fastqc.html
[2020-05-30 21:35:28,715] multiqc                                            [DEBUG  ]  Ignoring file as matched an ignore pattern: AC-1B1_S47_L001_R2_001_fastqc.html
[2020-05-30 21:35:28,716] multiqc                                            [DEBUG  ]  Ignoring file as matched an ignore pattern: AD-1S1_S48_L001_R1_001_fastqc.html
[2020-05-30 21:35:28,717] multiqc                                            [DEBUG  ]  Ignoring file as matched an ignore pattern: AL-1B1_S52_L001_R1_001_fastqc.html
[2020-05-30 21:35:28,718] multiqc                                            [DEBUG  ]  Ignoring file as matched an ignore pattern: AL-1B1_S52_L001_R2_001_fastqc.html
[2020-05-30 21:35:28,719] multiqc                                            [DEBUG  ]  Ignoring file as matched an ignore pattern: AM-1B1_S49_L001_R1_001_fastqc.html
[2020-05-30 21:35:28,719] multiqc                                            [DEBUG  ]  Ignoring file as matched an ignore pattern: AM-1B1_S49_L001_R2_001_fastqc.html
[2020-05-30 21:35:28,720] multiqc                                            [DEBUG  ]  Ignoring file as matched an ignore pattern: AM-1N1_S50_L001_R1_001_fastqc.html
[2020-05-30 21:35:29,072] multiqc.plots.bargraph                             [DEBUG  ]  Using matplotlib version 3.1.1
[2020-05-30 21:35:29,073] multiqc.plots.linegraph                            [DEBUG  ]  Using matplotlib version 3.1.1
[2020-05-30 21:35:29,076] multiqc                                            [DEBUG  ]  No samples found: custom_content
[2020-05-30 21:35:29,081] multiqc                                            [DEBUG  ]  No samples found: conpair
[2020-05-30 21:35:29,086] multiqc                                            [DEBUG  ]  No samples found: peddy
[2020-05-30 21:35:29,092] multiqc                                            [DEBUG  ]  No samples found: methylQA
[2020-05-30 21:35:29,097] multiqc                                            [DEBUG  ]  No samples found: phantompeakqualtools
[2020-05-30 21:35:29,105] multiqc                                            [DEBUG  ]  No samples found: qualimap
[2020-05-30 21:35:29,110] multiqc                                            [DEBUG  ]  No samples found: preseq
[2020-05-30 21:35:29,115] multiqc                                            [DEBUG  ]  No samples found: quast
[2020-05-30 21:35:29,119] multiqc                                            [DEBUG  ]  No samples found: qorts
[2020-05-30 21:35:29,123] multiqc                                            [DEBUG  ]  No samples found: rna_seqc
[2020-05-30 21:35:29,127] multiqc                                            [DEBUG  ]  No samples found: rsem
[2020-05-30 21:35:29,135] multiqc                                            [DEBUG  ]  No samples found: rseqc
[2020-05-30 21:35:29,139] multiqc                                            [DEBUG  ]  No samples found: busco
[2020-05-30 21:35:29,143] multiqc                                            [DEBUG  ]  No samples found: goleft_indexcov
[2020-05-30 21:35:29,148] multiqc                                            [DEBUG  ]  No samples found: disambiguate
[2020-05-30 21:35:29,152] multiqc                                            [DEBUG  ]  No samples found: supernova
[2020-05-30 21:35:29,161] multiqc                                            [DEBUG  ]  No samples found: deeptools
[2020-05-30 21:35:29,165] multiqc                                            [DEBUG  ]  No samples found: sargasso
[2020-05-30 21:35:29,170] multiqc                                            [DEBUG  ]  No samples found: verifybamid
[2020-05-30 21:35:29,174] multiqc                                            [DEBUG  ]  No samples found: mirtrace
[2020-05-30 21:35:29,178] multiqc                                            [DEBUG  ]  No samples found: happy
[2020-05-30 21:35:29,184] multiqc                                            [DEBUG  ]  No samples found: homer
[2020-05-30 21:35:29,188] multiqc                                            [DEBUG  ]  No samples found: macs2
[2020-05-30 21:35:29,192] multiqc                                            [DEBUG  ]  No samples found: theta2
[2020-05-30 21:35:29,197] multiqc                                            [DEBUG  ]  No samples found: snpeff
[2020-05-30 21:35:29,202] multiqc                                            [DEBUG  ]  No samples found: gatk
[2020-05-30 21:35:29,207] multiqc                                            [DEBUG  ]  No samples found: htseq
[2020-05-30 21:35:29,211] multiqc                                            [DEBUG  ]  No samples found: bcftools
[2020-05-30 21:35:29,215] multiqc                                            [DEBUG  ]  No samples found: featureCounts
[2020-05-30 21:35:29,220] multiqc                                            [DEBUG  ]  No samples found: fgbio
[2020-05-30 21:35:29,224] multiqc                                            [DEBUG  ]  No samples found: dedup
[2020-05-30 21:35:29,228] multiqc                                            [DEBUG  ]  No samples found: damageprofiler
[2020-05-30 21:35:29,240] multiqc                                            [DEBUG  ]  No samples found: biobambam2
[2020-05-30 21:35:29,245] multiqc                                            [DEBUG  ]  No samples found: mtnucratio
[2020-05-30 21:35:29,248] multiqc                                            [DEBUG  ]  No samples found: picard
[2020-05-30 21:35:29,252] multiqc                                            [DEBUG  ]  No samples found: prokka
[2020-05-30 21:35:29,257] multiqc                                            [DEBUG  ]  No samples found: samblaster
[2020-05-30 21:35:29,264] multiqc                                            [DEBUG  ]  No samples found: samtools
[2020-05-30 21:35:29,268] multiqc                                            [DEBUG  ]  No samples found: sexdeterrmine
[2020-05-30 21:35:29,272] multiqc                                            [DEBUG  ]  No samples found: bamtools
[2020-05-30 21:35:29,277] multiqc                                            [DEBUG  ]  No samples found: jellyfish
[2020-05-30 21:35:29,283] multiqc                                            [DEBUG  ]  No samples found: vcftools
[2020-05-30 21:35:29,287] multiqc                                            [DEBUG  ]  No samples found: longranger
[2020-05-30 21:35:29,292] multiqc                                            [DEBUG  ]  No samples found: stacks
[2020-05-30 21:35:29,301] multiqc                                            [DEBUG  ]  No samples found: bbmap
[2020-05-30 21:35:29,305] multiqc                                            [DEBUG  ]  No samples found: bismark
[2020-05-30 21:35:29,310] multiqc                                            [DEBUG  ]  No samples found: biscuit
[2020-05-30 21:35:29,314] multiqc                                            [DEBUG  ]  No samples found: hicexplorer
[2020-05-30 21:35:29,318] multiqc                                            [DEBUG  ]  No samples found: hicup
[2020-05-30 21:35:29,322] multiqc                                            [DEBUG  ]  No samples found: hicpro
[2020-05-30 21:35:29,326] multiqc                                            [DEBUG  ]  No samples found: salmon
[2020-05-30 21:35:29,330] multiqc                                            [DEBUG  ]  No samples found: kallisto
[2020-05-30 21:35:29,334] multiqc                                            [DEBUG  ]  No samples found: slamdunk
[2020-05-30 21:35:29,338] multiqc                                            [DEBUG  ]  No samples found: star
[2020-05-30 21:35:29,342] multiqc                                            [DEBUG  ]  No samples found: hisat2
[2020-05-30 21:35:29,346] multiqc                                            [DEBUG  ]  No samples found: tophat
[2020-05-30 21:35:29,350] multiqc                                            [DEBUG  ]  No samples found: bowtie2
[2020-05-30 21:35:29,354] multiqc                                            [DEBUG  ]  No samples found: bowtie1
[2020-05-30 21:35:29,358] multiqc                                            [DEBUG  ]  No samples found: kat
[2020-05-30 21:35:29,362] multiqc                                            [DEBUG  ]  No samples found: leehom
[2020-05-30 21:35:29,366] multiqc                                            [DEBUG  ]  No samples found: adapterRemoval
[2020-05-30 21:35:29,370] multiqc                                            [DEBUG  ]  No samples found: clipandmerge
[2020-05-30 21:35:29,374] multiqc                                            [DEBUG  ]  No samples found: cutadapt
[2020-05-30 21:35:29,378] multiqc                                            [DEBUG  ]  No samples found: flexbar
[2020-05-30 21:35:29,382] multiqc                                            [DEBUG  ]  No samples found: trimmomatic
[2020-05-30 21:35:29,386] multiqc                                            [DEBUG  ]  No samples found: skewer
[2020-05-30 21:35:29,390] multiqc                                            [DEBUG  ]  No samples found: sortmerna
[2020-05-30 21:35:29,394] multiqc                                            [DEBUG  ]  No samples found: biobloomtools
[2020-05-30 21:35:29,398] multiqc                                            [DEBUG  ]  No samples found: fastq_screen
[2020-05-30 21:35:29,402] multiqc                                            [DEBUG  ]  No samples found: afterqc
[2020-05-30 21:35:29,406] multiqc                                            [DEBUG  ]  No samples found: fastp
[2020-05-30 21:35:30,868] multiqc.modules.fastqc.fastqc                      [INFO   ]  Found 13 reports
[2020-05-30 21:35:31,019] multiqc                                            [DEBUG  ]  No samples found: minionqc
[2020-05-30 21:35:31,023] multiqc                                            [DEBUG  ]  No samples found: mosdepth
[2020-05-30 21:35:31,028] multiqc                                            [DEBUG  ]  No samples found: clusterflow
[2020-05-30 21:35:31,032] multiqc                                            [DEBUG  ]  No samples found: bcl2fastq
[2020-05-30 21:35:31,036] multiqc                                            [DEBUG  ]  No samples found: interop
[2020-05-30 21:35:31,041] multiqc                                            [DEBUG  ]  No samples found: flash
[2020-05-30 21:35:31,045] multiqc                                            [DEBUG  ]  No samples found: seqyclean
[2020-05-30 21:35:31,070] multiqc                                            [INFO   ]  Compressing plot data
[2020-05-30 21:35:31,307] multiqc                                            [INFO   ]  Report      : multiqc_report.html
[2020-05-30 21:35:31,307] multiqc                                            [INFO   ]  Data        : multiqc_data
[2020-05-30 21:35:31,309] multiqc                                            [DEBUG  ]  Moving data file from '/tmp/tmpuj92_5i0/multiqc_data/multiqc_data.json' to '/home/aburtsev/projects/gshestak.github.io/2020-05-28-rerun/Angela/multiqc_data'
[2020-05-30 21:35:31,310] multiqc                                            [DEBUG  ]  Moving data file from '/tmp/tmpuj92_5i0/multiqc_data/multiqc_fastqc.txt' to '/home/aburtsev/projects/gshestak.github.io/2020-05-28-rerun/Angela/multiqc_data'
[2020-05-30 21:35:31,312] multiqc                                            [DEBUG  ]  Moving data file from '/tmp/tmpuj92_5i0/multiqc_data/multiqc_general_stats.txt' to '/home/aburtsev/projects/gshestak.github.io/2020-05-28-rerun/Angela/multiqc_data'
[2020-05-30 21:35:31,313] multiqc                                            [DEBUG  ]  Moving data file from '/tmp/tmpuj92_5i0/multiqc_data/multiqc_qualimap_bamqc_genome_results.txt' to '/home/aburtsev/projects/gshestak.github.io/2020-05-28-rerun/Angela/multiqc_data'
[2020-05-30 21:35:31,315] multiqc                                            [DEBUG  ]  Moving data file from '/tmp/tmpuj92_5i0/multiqc_data/multiqc_sources.txt' to '/home/aburtsev/projects/gshestak.github.io/2020-05-28-rerun/Angela/multiqc_data'
[2020-05-30 21:35:32,167] multiqc                                            [INFO   ]  MultiQC complete
