[2020-05-17 15:02:32,266] multiqc                                            [DEBUG  ]  No MultiQC config found: /home/aburtsev/.local/lib/python3.6/site-packages/multiqc_config.yaml
[2020-05-17 15:02:32,267] multiqc                                            [DEBUG  ]  No MultiQC config found: /home/aburtsev/.multiqc_config.yaml
[2020-05-17 15:02:32,267] multiqc                                            [DEBUG  ]  No MultiQC config found: multiqc_config.yaml
[2020-05-17 15:02:32,267] multiqc                                            [DEBUG  ]  Command used: /home/aburtsev/.local/bin/multiqc /mnt/d/FastqNextSeq5-2020/Angela_merged/
[2020-05-17 15:02:33,065] multiqc                                            [DEBUG  ]  Latest MultiQC version is v1.8
[2020-05-17 15:02:33,065] multiqc                                            [INFO   ]  This is MultiQC v1.8
[2020-05-17 15:02:33,067] multiqc                                            [DEBUG  ]  Command     : /home/aburtsev/.local/bin/multiqc /mnt/d/FastqNextSeq5-2020/Angela_merged/
[2020-05-17 15:02:33,067] multiqc                                            [DEBUG  ]  Working dir : /home/aburtsev/projects/multiqc
[2020-05-17 15:02:33,067] multiqc                                            [INFO   ]  Template    : default
[2020-05-17 15:02:33,070] multiqc                                            [DEBUG  ]  Running Python 3.6.9 (default, Nov  7 2019, 10:44:02)  [GCC 8.3.0]
[2020-05-17 15:02:33,070] multiqc                                            [INFO   ]  Searching   : /mnt/d/FastqNextSeq5-2020/Angela_merged
[2020-05-17 15:02:33,073] multiqc                                            [DEBUG  ]  Analysing modules: custom_content, conpair, peddy, methylQA, phantompeakqualtools, qualimap, preseq, quast, qorts, rna_seqc, rsem, rseqc, busco, goleft_indexcov, disambiguate, supernova, deeptools, sargasso, verifybamid, mirtrace, happy, homer, macs2, theta2, snpeff, gatk, htseq, bcftools, featureCounts, fgbio, dedup, damageprofiler, biobambam2, mtnucratio, picard, prokka, samblaster, samtools, sexdeterrmine, bamtools, jellyfish, vcftools, longranger, stacks, bbmap, bismark, biscuit, hicexplorer, hicup, hicpro, salmon, kallisto, slamdunk, star, hisat2, tophat, bowtie2, bowtie1, kat, leehom, adapterRemoval, clipandmerge, cutadapt, flexbar, trimmomatic, skewer, sortmerna, biobloomtools, fastq_screen, afterqc, fastp, fastqc, minionqc, mosdepth, clusterflow, bcl2fastq, interop, flash, seqyclean
[2020-05-17 15:02:33,075] multiqc                                            [DEBUG  ]  Using temporary directory for creating report: /tmp/tmpq5yktexz
[2020-05-17 15:02:33,256] multiqc                                            [DEBUG  ]  Ignoring file as matched an ignore pattern: AC-1B1_S52_L001_R1_001.fastq.gz
[2020-05-17 15:02:33,256] multiqc                                            [DEBUG  ]  Ignoring file as matched an ignore pattern: AC-1B1_S52_L001_R2_001.fastq.gz
[2020-05-17 15:02:33,257] multiqc                                            [DEBUG  ]  Ignoring file as matched an ignore pattern: AC-1S1_S53_L001_R1_001.fastq.gz
[2020-05-17 15:02:33,257] multiqc                                            [DEBUG  ]  Ignoring file as matched an ignore pattern: AC-1S1_S53_L001_R2_001.fastq.gz
[2020-05-17 15:02:33,257] multiqc                                            [DEBUG  ]  Ignoring file as matched an ignore pattern: AD-1S1_S54_L001_R1_001.fastq.gz
[2020-05-17 15:02:33,257] multiqc                                            [DEBUG  ]  Ignoring file as matched an ignore pattern: AD-1S1_S54_L001_R2_001.fastq.gz
[2020-05-17 15:02:33,258] multiqc                                            [DEBUG  ]  Ignoring file as matched an ignore pattern: AL-1B1_S60_L001_R1_001.fastq.gz
[2020-05-17 15:02:33,258] multiqc                                            [DEBUG  ]  Ignoring file as matched an ignore pattern: AL-1B1_S60_L001_R2_001.fastq.gz
[2020-05-17 15:02:33,258] multiqc                                            [DEBUG  ]  Ignoring file as matched an ignore pattern: AM-1B1_S55_L001_R1_001.fastq.gz
[2020-05-17 15:02:33,258] multiqc                                            [DEBUG  ]  Ignoring file as matched an ignore pattern: AM-1B1_S55_L001_R2_001.fastq.gz
[2020-05-17 15:02:33,259] multiqc                                            [DEBUG  ]  Ignoring file as matched an ignore pattern: AM-1N1_S57_L001_R1_001.fastq.gz
[2020-05-17 15:02:33,259] multiqc                                            [DEBUG  ]  Ignoring file as matched an ignore pattern: AM-1N1_S57_L001_R2_001.fastq.gz
[2020-05-17 15:02:33,259] multiqc                                            [DEBUG  ]  Ignoring file as matched an ignore pattern: AM-1S1_S56_L001_R1_001.fastq.gz
[2020-05-17 15:02:33,260] multiqc                                            [DEBUG  ]  Ignoring file as matched an ignore pattern: AM-1S1_S56_L001_R2_001.fastq.gz
[2020-05-17 15:02:33,260] multiqc                                            [DEBUG  ]  Ignoring file as matched an ignore pattern: AN-2B1_S58_L001_R1_001.fastq.gz
[2020-05-17 15:02:33,260] multiqc                                            [DEBUG  ]  Ignoring file as matched an ignore pattern: AN-2B1_S58_L001_R2_001.fastq.gz
[2020-05-17 15:02:33,260] multiqc                                            [DEBUG  ]  Ignoring file as matched an ignore pattern: AN-2S1_S59_L001_R1_001.fastq.gz
[2020-05-17 15:02:33,261] multiqc                                            [DEBUG  ]  Ignoring file as matched an ignore pattern: AN-2S1_S59_L001_R2_001.fastq.gz
[2020-05-17 15:02:33,261] multiqc                                            [DEBUG  ]  Ignoring file as matched an ignore pattern: Semi-Blood_S49_L001_R1_001.fastq.gz
[2020-05-17 15:02:33,261] multiqc                                            [DEBUG  ]  Ignoring file as matched an ignore pattern: Semi-Blood_S49_L001_R2_001.fastq.gz
[2020-05-17 15:02:33,261] multiqc                                            [DEBUG  ]  Ignoring file as matched an ignore pattern: Semi-Nail_S51_L001_R1_001.fastq.gz
[2020-05-17 15:02:33,262] multiqc                                            [DEBUG  ]  Ignoring file as matched an ignore pattern: Semi-Nail_S51_L001_R2_001.fastq.gz
[2020-05-17 15:02:33,262] multiqc                                            [DEBUG  ]  Ignoring file as matched an ignore pattern: Semi-Saliva_S50_L001_R1_001.fastq.gz
[2020-05-17 15:02:33,262] multiqc                                            [DEBUG  ]  Ignoring file as matched an ignore pattern: Semi-Saliva_S50_L001_R2_001.fastq.gz
[2020-05-17 15:02:33,268] multiqc                                            [DEBUG  ]  Ignoring file as matched an ignore pattern: AC-1B1_S52_L001_R1_001_fastqc.html
[2020-05-17 15:02:33,268] multiqc                                            [DEBUG  ]  Ignoring file as matched an ignore pattern: AC-1B1_S52_L001_R2_001_fastqc.html
[2020-05-17 15:02:33,269] multiqc                                            [DEBUG  ]  Ignoring file as matched an ignore pattern: AC-1S1_S53_L001_R2_001_fastqc.html
[2020-05-17 15:02:33,270] multiqc                                            [DEBUG  ]  Ignoring file as matched an ignore pattern: AD-1S1_S54_L001_R1_001_fastqc.html
[2020-05-17 15:02:33,271] multiqc                                            [DEBUG  ]  Ignoring file as matched an ignore pattern: AD-1S1_S54_L001_R2_001_fastqc.html
[2020-05-17 15:02:33,271] multiqc                                            [DEBUG  ]  Ignoring file as matched an ignore pattern: AL-1B1_S60_L001_R1_001_fastqc.html
[2020-05-17 15:02:33,272] multiqc                                            [DEBUG  ]  Ignoring file as matched an ignore pattern: AL-1B1_S60_L001_R2_001_fastqc.html
[2020-05-17 15:02:33,273] multiqc                                            [DEBUG  ]  Ignoring file as matched an ignore pattern: AM-1B1_S55_L001_R1_001_fastqc.html
[2020-05-17 15:02:33,273] multiqc                                            [DEBUG  ]  Ignoring file as matched an ignore pattern: AM-1B1_S55_L001_R2_001_fastqc.html
[2020-05-17 15:02:33,274] multiqc                                            [DEBUG  ]  Ignoring file as matched an ignore pattern: AM-1N1_S57_L001_R1_001_fastqc.html
[2020-05-17 15:02:33,275] multiqc                                            [DEBUG  ]  Ignoring file as matched an ignore pattern: AM-1N1_S57_L001_R2_001_fastqc.html
[2020-05-17 15:02:33,275] multiqc                                            [DEBUG  ]  Ignoring file as matched an ignore pattern: AM-1S1_S56_L001_R1_001_fastqc.html
[2020-05-17 15:02:33,276] multiqc                                            [DEBUG  ]  Ignoring file as matched an ignore pattern: AN-2B1_S58_L001_R1_001_fastqc.html
[2020-05-17 15:02:33,277] multiqc                                            [DEBUG  ]  Ignoring file as matched an ignore pattern: AN-2B1_S58_L001_R2_001_fastqc.html
[2020-05-17 15:02:33,278] multiqc                                            [DEBUG  ]  Ignoring file as matched an ignore pattern: AN-2S1_S59_L001_R1_001_fastqc.html
[2020-05-17 15:02:33,278] multiqc                                            [DEBUG  ]  Ignoring file as matched an ignore pattern: AN-2S1_S59_L001_R2_001_fastqc.html
[2020-05-17 15:02:33,279] multiqc                                            [DEBUG  ]  Ignoring file as matched an ignore pattern: Semi-Blood_S49_L001_R1_001_fastqc.html
[2020-05-17 15:02:33,280] multiqc                                            [DEBUG  ]  Ignoring file as matched an ignore pattern: Semi-Blood_S49_L001_R2_001_fastqc.html
[2020-05-17 15:02:33,280] multiqc                                            [DEBUG  ]  Ignoring file as matched an ignore pattern: Semi-Nail_S51_L001_R1_001_fastqc.html
[2020-05-17 15:02:33,281] multiqc                                            [DEBUG  ]  Ignoring file as matched an ignore pattern: Semi-Saliva_S50_L001_R1_001_fastqc.html
[2020-05-17 15:02:33,282] multiqc                                            [DEBUG  ]  Ignoring file as matched an ignore pattern: Semi-Saliva_S50_L001_R2_001_fastqc.html
[2020-05-17 15:02:33,607] multiqc.plots.bargraph                             [DEBUG  ]  Using matplotlib version 3.1.1
[2020-05-17 15:02:33,608] multiqc.plots.linegraph                            [DEBUG  ]  Using matplotlib version 3.1.1
[2020-05-17 15:02:33,609] multiqc                                            [DEBUG  ]  No samples found: custom_content
[2020-05-17 15:02:33,613] multiqc                                            [DEBUG  ]  No samples found: conpair
[2020-05-17 15:02:33,617] multiqc                                            [DEBUG  ]  No samples found: peddy
[2020-05-17 15:02:33,621] multiqc                                            [DEBUG  ]  No samples found: methylQA
[2020-05-17 15:02:33,625] multiqc                                            [DEBUG  ]  No samples found: phantompeakqualtools
[2020-05-17 15:02:33,631] multiqc                                            [DEBUG  ]  No samples found: qualimap
[2020-05-17 15:02:33,636] multiqc                                            [DEBUG  ]  No samples found: preseq
[2020-05-17 15:02:33,641] multiqc                                            [DEBUG  ]  No samples found: quast
[2020-05-17 15:02:33,645] multiqc                                            [DEBUG  ]  No samples found: qorts
[2020-05-17 15:02:33,649] multiqc                                            [DEBUG  ]  No samples found: rna_seqc
[2020-05-17 15:02:33,653] multiqc                                            [DEBUG  ]  No samples found: rsem
[2020-05-17 15:02:33,661] multiqc                                            [DEBUG  ]  No samples found: rseqc
[2020-05-17 15:02:33,665] multiqc                                            [DEBUG  ]  No samples found: busco
[2020-05-17 15:02:33,670] multiqc                                            [DEBUG  ]  No samples found: goleft_indexcov
[2020-05-17 15:02:33,674] multiqc                                            [DEBUG  ]  No samples found: disambiguate
[2020-05-17 15:02:33,678] multiqc                                            [DEBUG  ]  No samples found: supernova
[2020-05-17 15:02:33,686] multiqc                                            [DEBUG  ]  No samples found: deeptools
[2020-05-17 15:02:33,690] multiqc                                            [DEBUG  ]  No samples found: sargasso
[2020-05-17 15:02:33,694] multiqc                                            [DEBUG  ]  No samples found: verifybamid
[2020-05-17 15:02:33,699] multiqc                                            [DEBUG  ]  No samples found: mirtrace
[2020-05-17 15:02:33,703] multiqc                                            [DEBUG  ]  No samples found: happy
[2020-05-17 15:02:33,709] multiqc                                            [DEBUG  ]  No samples found: homer
[2020-05-17 15:02:33,713] multiqc                                            [DEBUG  ]  No samples found: macs2
[2020-05-17 15:02:33,717] multiqc                                            [DEBUG  ]  No samples found: theta2
[2020-05-17 15:02:33,721] multiqc                                            [DEBUG  ]  No samples found: snpeff
[2020-05-17 15:02:33,727] multiqc                                            [DEBUG  ]  No samples found: gatk
[2020-05-17 15:02:33,732] multiqc                                            [DEBUG  ]  No samples found: htseq
[2020-05-17 15:02:33,737] multiqc                                            [DEBUG  ]  No samples found: bcftools
[2020-05-17 15:02:33,741] multiqc                                            [DEBUG  ]  No samples found: featureCounts
[2020-05-17 15:02:33,746] multiqc                                            [DEBUG  ]  No samples found: fgbio
[2020-05-17 15:02:33,751] multiqc                                            [DEBUG  ]  No samples found: dedup
[2020-05-17 15:02:33,755] multiqc                                            [DEBUG  ]  No samples found: damageprofiler
[2020-05-17 15:02:33,767] multiqc                                            [DEBUG  ]  No samples found: biobambam2
[2020-05-17 15:02:33,771] multiqc                                            [DEBUG  ]  No samples found: mtnucratio
[2020-05-17 15:02:33,774] multiqc                                            [DEBUG  ]  No samples found: picard
[2020-05-17 15:02:33,778] multiqc                                            [DEBUG  ]  No samples found: prokka
[2020-05-17 15:02:33,783] multiqc                                            [DEBUG  ]  No samples found: samblaster
[2020-05-17 15:02:33,789] multiqc                                            [DEBUG  ]  No samples found: samtools
[2020-05-17 15:02:33,793] multiqc                                            [DEBUG  ]  No samples found: sexdeterrmine
[2020-05-17 15:02:33,798] multiqc                                            [DEBUG  ]  No samples found: bamtools
[2020-05-17 15:02:33,802] multiqc                                            [DEBUG  ]  No samples found: jellyfish
[2020-05-17 15:02:33,807] multiqc                                            [DEBUG  ]  No samples found: vcftools
[2020-05-17 15:02:33,812] multiqc                                            [DEBUG  ]  No samples found: longranger
[2020-05-17 15:02:33,816] multiqc                                            [DEBUG  ]  No samples found: stacks
[2020-05-17 15:02:33,825] multiqc                                            [DEBUG  ]  No samples found: bbmap
[2020-05-17 15:02:33,829] multiqc                                            [DEBUG  ]  No samples found: bismark
[2020-05-17 15:02:33,834] multiqc                                            [DEBUG  ]  No samples found: biscuit
[2020-05-17 15:02:33,838] multiqc                                            [DEBUG  ]  No samples found: hicexplorer
[2020-05-17 15:02:33,842] multiqc                                            [DEBUG  ]  No samples found: hicup
[2020-05-17 15:02:33,846] multiqc                                            [DEBUG  ]  No samples found: hicpro
[2020-05-17 15:02:33,850] multiqc                                            [DEBUG  ]  No samples found: salmon
[2020-05-17 15:02:33,854] multiqc                                            [DEBUG  ]  No samples found: kallisto
[2020-05-17 15:02:33,858] multiqc                                            [DEBUG  ]  No samples found: slamdunk
[2020-05-17 15:02:33,862] multiqc                                            [DEBUG  ]  No samples found: star
[2020-05-17 15:02:33,866] multiqc                                            [DEBUG  ]  No samples found: hisat2
[2020-05-17 15:02:33,871] multiqc                                            [DEBUG  ]  No samples found: tophat
[2020-05-17 15:02:33,874] multiqc                                            [DEBUG  ]  No samples found: bowtie2
[2020-05-17 15:02:33,878] multiqc                                            [DEBUG  ]  No samples found: bowtie1
[2020-05-17 15:02:33,882] multiqc                                            [DEBUG  ]  No samples found: kat
[2020-05-17 15:02:33,887] multiqc                                            [DEBUG  ]  No samples found: leehom
[2020-05-17 15:02:33,891] multiqc                                            [DEBUG  ]  No samples found: adapterRemoval
[2020-05-17 15:02:33,895] multiqc                                            [DEBUG  ]  No samples found: clipandmerge
[2020-05-17 15:02:33,899] multiqc                                            [DEBUG  ]  No samples found: cutadapt
[2020-05-17 15:02:33,903] multiqc                                            [DEBUG  ]  No samples found: flexbar
[2020-05-17 15:02:33,907] multiqc                                            [DEBUG  ]  No samples found: trimmomatic
[2020-05-17 15:02:33,911] multiqc                                            [DEBUG  ]  No samples found: skewer
[2020-05-17 15:02:33,915] multiqc                                            [DEBUG  ]  No samples found: sortmerna
[2020-05-17 15:02:33,919] multiqc                                            [DEBUG  ]  No samples found: biobloomtools
[2020-05-17 15:02:33,923] multiqc                                            [DEBUG  ]  No samples found: fastq_screen
[2020-05-17 15:02:33,927] multiqc                                            [DEBUG  ]  No samples found: afterqc
[2020-05-17 15:02:33,931] multiqc                                            [DEBUG  ]  No samples found: fastp
[2020-05-17 15:02:34,470] multiqc.modules.fastqc.fastqc                      [INFO   ]  Found 21 reports
[2020-05-17 15:02:34,695] multiqc                                            [DEBUG  ]  No samples found: minionqc
[2020-05-17 15:02:34,699] multiqc                                            [DEBUG  ]  No samples found: mosdepth
[2020-05-17 15:02:34,704] multiqc                                            [DEBUG  ]  No samples found: clusterflow
[2020-05-17 15:02:34,708] multiqc                                            [DEBUG  ]  No samples found: bcl2fastq
[2020-05-17 15:02:34,713] multiqc                                            [DEBUG  ]  No samples found: interop
[2020-05-17 15:02:34,718] multiqc                                            [DEBUG  ]  No samples found: flash
[2020-05-17 15:02:34,722] multiqc                                            [DEBUG  ]  No samples found: seqyclean
[2020-05-17 15:02:34,757] multiqc                                            [INFO   ]  Compressing plot data
[2020-05-17 15:02:35,064] multiqc                                            [INFO   ]  Report      : multiqc_report.html
[2020-05-17 15:02:35,065] multiqc                                            [INFO   ]  Data        : multiqc_data
[2020-05-17 15:02:35,066] multiqc                                            [DEBUG  ]  Moving data file from '/tmp/tmpq5yktexz/multiqc_data/multiqc_data.json' to '/home/aburtsev/projects/multiqc/multiqc_data'
[2020-05-17 15:02:35,067] multiqc                                            [DEBUG  ]  Moving data file from '/tmp/tmpq5yktexz/multiqc_data/multiqc_fastqc.txt' to '/home/aburtsev/projects/multiqc/multiqc_data'
[2020-05-17 15:02:35,070] multiqc                                            [DEBUG  ]  Moving data file from '/tmp/tmpq5yktexz/multiqc_data/multiqc_general_stats.txt' to '/home/aburtsev/projects/multiqc/multiqc_data'
[2020-05-17 15:02:35,071] multiqc                                            [DEBUG  ]  Moving data file from '/tmp/tmpq5yktexz/multiqc_data/multiqc_qualimap_bamqc_genome_results.txt' to '/home/aburtsev/projects/multiqc/multiqc_data'
[2020-05-17 15:02:35,072] multiqc                                            [DEBUG  ]  Moving data file from '/tmp/tmpq5yktexz/multiqc_data/multiqc_sources.txt' to '/home/aburtsev/projects/multiqc/multiqc_data'
[2020-05-17 15:02:35,780] multiqc                                            [INFO   ]  MultiQC complete
